2016-04-01 12:30:53 [ main ] - [ INFO  ] [
				o.s.t.c.support.DefaultTestContextBootstrapper : 259 ] - Loaded default TestExecutionListener class names from location [META-INF/spring.factories]: [org.springframework.test.context.web.ServletTestExecutionListener, org.springframework.test.context.support.DirtiesContextBeforeModesTestExecutionListener, org.springframework.test.context.support.DependencyInjectionTestExecutionListener, org.springframework.test.context.support.DirtiesContextTestExecutionListener, org.springframework.test.context.transaction.TransactionalTestExecutionListener, org.springframework.test.context.jdbc.SqlScriptsTestExecutionListener]
2016-04-01 12:30:53 [ main ] - [ INFO  ] [
				o.s.t.c.support.DefaultTestContextBootstrapper : 207 ] - Could not instantiate TestExecutionListener [org.springframework.test.context.web.ServletTestExecutionListener]. Specify custom listener classes or make the default listener classes (and their required dependencies) available. Offending class: [javax/servlet/ServletContext]
2016-04-01 12:30:53 [ main ] - [ INFO  ] [
				o.s.t.c.support.DefaultTestContextBootstrapper : 185 ] - Using TestExecutionListeners: [org.springframework.test.context.support.DirtiesContextBeforeModesTestExecutionListener@df27fae, org.springframework.test.context.support.DependencyInjectionTestExecutionListener@24a35978, org.springframework.test.context.support.DirtiesContextTestExecutionListener@16f7c8c1, org.springframework.test.context.transaction.TransactionalTestExecutionListener@2f0a87b3, org.springframework.test.context.jdbc.SqlScriptsTestExecutionListener@319b92f3]
2016-04-01 12:30:53 [ main ] - [ INFO  ] [
				o.s.beans.factory.xml.XmlBeanDefinitionReader : 317 ] - Loading XML bean definitions from class path resource [spring.xml]
2016-04-01 12:30:53 [ main ] - [ INFO  ] [
				o.s.context.support.GenericApplicationContext : 577 ] - Refreshing org.springframework.context.support.GenericApplicationContext@6c9f5c0d: startup date [Fri Apr 01 12:30:53 CST 2016]; root of context hierarchy
2016-04-01 12:30:53 [ main ] - [ INFO  ] [
				o.s.j.datasource.embedded.EmbeddedDatabaseFactory : 185 ] - Starting embedded database: url='jdbc:hsqldb:mem:dataSourceBar', username='sa'
2016-04-01 12:30:53 [ main ] - [ INFO  ] [
				o.springframework.jdbc.datasource.init.ScriptUtils : 443 ] - Executing SQL script from class path resource [database-schema-bar.sql]
2016-04-01 12:30:53 [ main ] - [ INFO  ] [
				o.springframework.jdbc.datasource.init.ScriptUtils : 502 ] - Executed SQL script from class path resource [database-schema-bar.sql] in 3 ms.
2016-04-01 12:30:54 [ Thread-0 ] - [ INFO  ] [
				o.s.context.support.GenericApplicationContext : 957 ] - Closing org.springframework.context.support.GenericApplicationContext@6c9f5c0d: startup date [Fri Apr 01 12:30:53 CST 2016]; root of context hierarchy
2016-04-01 12:30:54 [ Thread-0 ] - [ INFO  ] [
				o.s.j.datasource.embedded.EmbeddedDatabaseFactory : 217 ] - Shutting down embedded database: url='jdbc:hsqldb:mem:dataSourceBar'
2016-04-01 12:31:15 [ main ] - [ INFO  ] [
				o.s.t.c.support.DefaultTestContextBootstrapper : 259 ] - Loaded default TestExecutionListener class names from location [META-INF/spring.factories]: [org.springframework.test.context.web.ServletTestExecutionListener, org.springframework.test.context.support.DirtiesContextBeforeModesTestExecutionListener, org.springframework.test.context.support.DependencyInjectionTestExecutionListener, org.springframework.test.context.support.DirtiesContextTestExecutionListener, org.springframework.test.context.transaction.TransactionalTestExecutionListener, org.springframework.test.context.jdbc.SqlScriptsTestExecutionListener]
2016-04-01 12:31:15 [ main ] - [ INFO  ] [
				o.s.t.c.support.DefaultTestContextBootstrapper : 207 ] - Could not instantiate TestExecutionListener [org.springframework.test.context.web.ServletTestExecutionListener]. Specify custom listener classes or make the default listener classes (and their required dependencies) available. Offending class: [javax/servlet/ServletContext]
2016-04-01 12:31:15 [ main ] - [ INFO  ] [
				o.s.t.c.support.DefaultTestContextBootstrapper : 185 ] - Using TestExecutionListeners: [org.springframework.test.context.support.DirtiesContextBeforeModesTestExecutionListener@16f7c8c1, org.springframework.test.context.support.DependencyInjectionTestExecutionListener@2f0a87b3, org.springframework.test.context.support.DirtiesContextTestExecutionListener@319b92f3, org.springframework.test.context.transaction.TransactionalTestExecutionListener@fcd6521, org.springframework.test.context.jdbc.SqlScriptsTestExecutionListener@27d415d9]
2016-04-01 12:31:15 [ main ] - [ INFO  ] [
				o.s.beans.factory.xml.XmlBeanDefinitionReader : 317 ] - Loading XML bean definitions from class path resource [spring.xml]
2016-04-01 12:31:15 [ main ] - [ INFO  ] [
				o.s.context.support.GenericApplicationContext : 577 ] - Refreshing org.springframework.context.support.GenericApplicationContext@76b10754: startup date [Fri Apr 01 12:31:15 CST 2016]; root of context hierarchy
2016-04-01 12:31:15 [ main ] - [ INFO  ] [
				o.s.j.datasource.embedded.EmbeddedDatabaseFactory : 185 ] - Starting embedded database: url='jdbc:hsqldb:mem:dataSourceBar', username='sa'
2016-04-01 12:31:16 [ main ] - [ INFO  ] [
				o.springframework.jdbc.datasource.init.ScriptUtils : 443 ] - Executing SQL script from class path resource [database-schema-bar.sql]
2016-04-01 12:31:16 [ main ] - [ INFO  ] [
				o.springframework.jdbc.datasource.init.ScriptUtils : 502 ] - Executed SQL script from class path resource [database-schema-bar.sql] in 3 ms.
2016-04-01 12:31:16 [ Thread-0 ] - [ INFO  ] [
				o.s.context.support.GenericApplicationContext : 957 ] - Closing org.springframework.context.support.GenericApplicationContext@76b10754: startup date [Fri Apr 01 12:31:15 CST 2016]; root of context hierarchy
2016-04-01 12:31:16 [ Thread-0 ] - [ INFO  ] [
				o.s.j.datasource.embedded.EmbeddedDatabaseFactory : 217 ] - Shutting down embedded database: url='jdbc:hsqldb:mem:dataSourceBar'
